<?xml version="1.0" encoding="UTF-8"?>
<!-- Generated by org.testng.reporters.JUnitXMLReporter -->
<testsuite ignored="0" hostname="Saran" failures="0" tests="3" name="Chrome browser test case" time="13.435" errors="0" timestamp="2025-12-05T18:00:41 IST">
  <testcase classname="testng.CrossBrowserTesting" name="facebook" time="1.114"/>
  <testcase classname="testng.CrossBrowserTesting" name="google" time="0.94"/>
  <testcase classname="testng.CrossBrowserTesting" name="x" time="9.224"/>
</testsuite> <!-- Chrome browser test case -->
