<?xml version="1.0" encoding="UTF-8"?>
<!-- Generated by org.testng.reporters.JUnitXMLReporter -->
<testsuite ignored="0" hostname="Saran" failures="0" tests="3" name="Edge browser test case" time="12.049" errors="0" timestamp="2025-12-05T18:01:04 IST">
  <testcase classname="testng.CrossBrowserTesting" name="facebook" time="1.733"/>
  <testcase classname="testng.CrossBrowserTesting" name="google" time="1.078"/>
  <testcase classname="testng.CrossBrowserTesting" name="x" time="7.541"/>
</testsuite> <!-- Edge browser test case -->
