<?xml version="1.0" encoding="UTF-8"?>
<!-- Generated by org.testng.reporters.JUnitXMLReporter -->
<testsuite ignored="0" hostname="Saran" failures="0" tests="3" name="Firefox browser test case" time="11.432" errors="0" timestamp="2025-12-05T18:00:52 IST">
  <testcase classname="testng.CrossBrowserTesting" name="facebook" time="1.73"/>
  <testcase classname="testng.CrossBrowserTesting" name="google" time="1.158"/>
  <testcase classname="testng.CrossBrowserTesting" name="x" time="4.113"/>
</testsuite> <!-- Firefox browser test case -->
