<?xml version="1.0" encoding="UTF-8"?>
<!-- Generated by org.testng.reporters.JUnitXMLReporter -->
<testsuite ignored="0" hostname="Saran" failures="0" tests="3" name="Test" time="0.09" errors="0" timestamp="2025-12-05T17:27:01 IST">
  <testcase classname="testng.CrossBrowserTesting" name="@BeforeTest openBroser" time="-1.76493582133E9">
    <failure type="org.testng.TestNGException" message="
Parameter &amp;apos;browser&amp;apos; is required by BeforeTest on method openBroser but has not been marked @Optional or defined
in C:\Users\saran\eclipse-workspace\Tirupati\CrossbrowserTesting.xml">
      <![CDATA[org.testng.TestNGException: 
Parameter 'browser' is required by BeforeTest on method openBroser but has not been marked @Optional or defined
in C:\Users\saran\eclipse-workspace\Tirupati\CrossbrowserTesting.xml
... Removed 21 stack frames]]>
    </failure>
  </testcase> <!-- @BeforeTest openBroser -->
  <testcase classname="testng.CrossBrowserTesting" name="facebook" time="0.0">
    <skipped/>
  </testcase> <!-- facebook -->
  <testcase classname="testng.CrossBrowserTesting" name="google" time="0.0">
    <skipped/>
  </testcase> <!-- google -->
  <testcase classname="testng.CrossBrowserTesting" name="x" time="0.0">
    <skipped/>
  </testcase> <!-- x -->
</testsuite> <!-- Test -->
