<?xml version="1.0" encoding="UTF-8"?>
<!-- Generated by org.testng.reporters.JUnitReportReporter -->
<testsuite hostname="Saran" failures="0" tests="9" name="testng.CrossBrowserTesting" time="28.631" errors="0" timestamp="2025-12-05T18:01:05 IST" skipped="0">
  <testcase classname="testng.CrossBrowserTesting" name="x" time="9.224"/>
  <testcase classname="testng.CrossBrowserTesting" name="google" time="1.078"/>
  <testcase classname="testng.CrossBrowserTesting" name="facebook" time="1.733"/>
  <testcase classname="testng.CrossBrowserTesting" name="x" time="4.113"/>
  <testcase classname="testng.CrossBrowserTesting" name="x" time="7.541"/>
  <testcase classname="testng.CrossBrowserTesting" name="google" time="0.940"/>
  <testcase classname="testng.CrossBrowserTesting" name="facebook" time="1.114"/>
  <testcase classname="testng.CrossBrowserTesting" name="facebook" time="1.730"/>
  <testcase classname="testng.CrossBrowserTesting" name="google" time="1.158"/>
</testsuite> <!-- testng.CrossBrowserTesting -->
