<?xml version="1.0" encoding="UTF-8"?>
<!-- Generated by org.testng.reporters.JUnitReportReporter -->
<testsuite hostname="Saran" failures="0" tests="3" name="testng.DataProviderInput" time="13.016" errors="0" timestamp="2025-12-05T14:34:38 IST" skipped="0">
  <testcase classname="testng.DataProviderInput" name="login" time="2.284"/>
  <testcase classname="testng.DataProviderInput" name="login" time="7.503"/>
  <testcase classname="testng.DataProviderInput" name="login" time="3.229"/>
</testsuite> <!-- testng.DataProviderInput -->
