<?xml version="1.0" encoding="UTF-8"?>
<!-- Generated by org.testng.reporters.JUnitReportReporter -->
<testsuite hostname="Saran" failures="0" tests="4" name="testng.TestNG_4_Description_Feature" time="42.638" errors="0" timestamp="2025-11-17T12:05:57 IST" skipped="1">
  <testcase classname="testng.TestNG_4_Description_Feature" name="TC_2" time="13.969"/>
  <testcase classname="testng.TestNG_4_Description_Feature" name="TC_3" time="25.100"/>
  <testcase classname="testng.TestNG_4_Description_Feature" name="TC_4" time="3.569"/>
  <testcase classname="testng.TestNG_4_Description_Feature" name="TC_1">
    <skipped/>
  </testcase> <!-- TC_1 -->
</testsuite> <!-- testng.TestNG_4_Description_Feature -->
