<?xml version="1.0" encoding="UTF-8"?>
<!-- Generated by org.testng.reporters.JUnitReportReporter -->
<testsuite hostname="Saran" failures="0" tests="4" name="testng.TestNG_3_Testcase_exeguction_By_Owen" time="47.160" errors="0" timestamp="2025-11-15T16:01:13 IST" skipped="0">
  <testcase classname="testng.TestNG_3_Testcase_exeguction_By_Owen" name="flipkart" time="1.202"/>
  <testcase classname="testng.TestNG_3_Testcase_exeguction_By_Owen" name="google" time="10.365"/>
  <testcase classname="testng.TestNG_3_Testcase_exeguction_By_Owen" name="facebook" time="5.542"/>
  <testcase classname="testng.TestNG_3_Testcase_exeguction_By_Owen" name="x" time="30.051"/>
</testsuite> <!-- testng.TestNG_3_Testcase_exeguction_By_Owen -->
