<?xml version="1.0" encoding="UTF-8"?>
<!-- Generated by org.testng.reporters.JUnitReportReporter -->
<testsuite hostname="Saran" failures="0" tests="4" name="testng.TestNG_2_Skip_Ignore_Disabled" time="16.768" errors="0" timestamp="2025-11-15T15:29:06 IST" skipped="2">
  <testcase classname="testng.TestNG_2_Skip_Ignore_Disabled" name="flipkart" time="9.215"/>
  <testcase classname="testng.TestNG_2_Skip_Ignore_Disabled" name="x" time="7.553"/>
  <testcase classname="testng.TestNG_2_Skip_Ignore_Disabled" name="facebook">
    <skipped/>
  </testcase> <!-- facebook -->
  <testcase classname="testng.TestNG_2_Skip_Ignore_Disabled" name="google">
    <skipped/>
  </testcase> <!-- google -->
</testsuite> <!-- testng.TestNG_2_Skip_Ignore_Disabled -->
