<?xml version="1.0" encoding="UTF-8"?>
<!-- Generated by org.testng.reporters.JUnitReportReporter -->
<testsuite hostname="Saran" failures="0" tests="3" name="testng.TestNG_1_execution_by_Alphabatical" time="52.985" errors="0" timestamp="2025-11-15T15:03:12 IST" skipped="0">
  <testcase classname="testng.TestNG_1_execution_by_Alphabatical" name="x" time="13.071"/>
  <testcase classname="testng.TestNG_1_execution_by_Alphabatical" name="facebook" time="26.561"/>
  <testcase classname="testng.TestNG_1_execution_by_Alphabatical" name="google" time="13.353"/>
</testsuite> <!-- testng.TestNG_1_execution_by_Alphabatical -->
